<?xml version="1.0" encoding="UTF-8"?>
<testng-results ignored="0" total="3" passed="2" failed="1" skipped="0">
  <reporter-output>
  </reporter-output>
  <suite started-at="2023-02-14T18:07:20 IST" name="Default suite" finished-at="2023-02-14T18:08:03 IST" duration-ms="42886">
    <groups>
      <group name="cucumber">
        <method signature="AbstractTestNGCucumberTests.runScenario(io.cucumber.testng.PickleWrapper,io.cucumber.testng.FeatureWrapper)[pri:0, instance:runner.RunCuke@202b0582]" name="runScenario" class="io.cucumber.testng.AbstractTestNGCucumberTests"/>
      </group> <!-- cucumber -->
    </groups>
    <test started-at="2023-02-14T18:07:20 IST" name="Default test" finished-at="2023-02-14T18:08:03 IST" duration-ms="42886">
      <class name="runner.RunCuke">
        <test-method is-config="true" signature="setUpClass(org.testng.ITestContext)[pri:0, instance:runner.RunCuke@202b0582]" started-at="2023-02-14T18:07:20 IST" name="setUpClass" finished-at="2023-02-14T18:07:20 IST" duration-ms="422" status="PASS">
          <params>
            <param index="0">
              <value>
                <![CDATA[org.testng.TestRunner@cfd1075]]>
              </value>
            </param>
          </params>
          <reporter-output>
          </reporter-output>
        </test-method> <!-- setUpClass -->
        <test-method signature="runScenario(io.cucumber.testng.PickleWrapper,io.cucumber.testng.FeatureWrapper)[pri:0, instance:runner.RunCuke@202b0582]" started-at="2023-02-14T18:07:20 IST" name="runScenario" description="Runs Cucumber Scenarios" data-provider="scenarios" finished-at="2023-02-14T18:07:40 IST" duration-ms="20224" status="PASS">
          <params>
            <param index="0">
              <value>
                <![CDATA["External User logs into application with valid username and password"]]>
              </value>
            </param>
            <param index="1">
              <value>
                <![CDATA["Optional[Application Login]"]]>
              </value>
            </param>
          </params>
          <reporter-output>
          </reporter-output>
        </test-method> <!-- runScenario -->
        <test-method signature="runScenario(io.cucumber.testng.PickleWrapper,io.cucumber.testng.FeatureWrapper)[pri:0, instance:runner.RunCuke@202b0582]" started-at="2023-02-14T18:07:40 IST" name="runScenario" description="Runs Cucumber Scenarios" data-provider="scenarios" finished-at="2023-02-14T18:07:46 IST" duration-ms="5315" status="FAIL">
          <params>
            <param index="0">
              <value>
                <![CDATA["User should be able to navigate to Myprofile page"]]>
              </value>
            </param>
            <param index="1">
              <value>
                <![CDATA["Optional[MyProfile]"]]>
              </value>
            </param>
          </params>
          <exception class="java.lang.AssertionError">
            <message>
              <![CDATA[expected [Park Street | My Profile] but found [Park Street | Dashboard]]]>
            </message>
            <full-stacktrace>
              <![CDATA[java.lang.AssertionError: expected [Park Street | My Profile] but found [Park Street | Dashboard]
at org.testng.Assert.fail(Assert.java:99)
at org.testng.Assert.failNotEquals(Assert.java:1037)
at org.testng.Assert.assertEqualsImpl(Assert.java:140)
at org.testng.Assert.assertEquals(Assert.java:122)
at org.testng.Assert.assertEquals(Assert.java:629)
at org.testng.Assert.assertEquals(Assert.java:639)
at steps.MyProfileSteps.myprofile_page_is_displayed(MyProfileSteps.java:48)
at ✽.Myprofile page is displayed(file:///home/growlt105/eclipse-workspace/NavigatorAutomation/src/test/resources/Featuresfile/MyProfile.feature:8)
]]>
            </full-stacktrace>
          </exception> <!-- java.lang.AssertionError -->
          <reporter-output>
          </reporter-output>
        </test-method> <!-- runScenario -->
        <test-method signature="runScenario(io.cucumber.testng.PickleWrapper,io.cucumber.testng.FeatureWrapper)[pri:0, instance:runner.RunCuke@202b0582]" started-at="2023-02-14T18:07:46 IST" name="runScenario" description="Runs Cucumber Scenarios" data-provider="scenarios" finished-at="2023-02-14T18:08:03 IST" duration-ms="16840" status="PASS">
          <params>
            <param index="0">
              <value>
                <![CDATA["User navigates to sales report My orders page"]]>
              </value>
            </param>
            <param index="1">
              <value>
                <![CDATA["Optional[Sales report my orders page]"]]>
              </value>
            </param>
          </params>
          <reporter-output>
          </reporter-output>
        </test-method> <!-- runScenario -->
        <test-method is-config="true" signature="tearDownClass()[pri:0, instance:runner.RunCuke@202b0582]" started-at="2023-02-14T18:08:03 IST" name="tearDownClass" finished-at="2023-02-14T18:08:03 IST" duration-ms="46" status="PASS">
          <reporter-output>
          </reporter-output>
        </test-method> <!-- tearDownClass -->
      </class> <!-- runner.RunCuke -->
    </test> <!-- Default test -->
  </suite> <!-- Default suite -->
</testng-results>
