<?xml version="1.0" encoding="UTF-8"?>
<!-- Generated by org.testng.reporters.JUnitReportReporter -->
<testsuite hostname="growlt105" failures="1" tests="3" name="runner.RunCuke" time="42.379" errors="0" timestamp="2023-02-14T18:08:03 IST" skipped="0">
  <testcase classname="runner.RunCuke" name="runScenario" time="5.315">
    <failure message="expected [Park Street | My Profile] but found [Park Street | Dashboard]" type="java.lang.AssertionError">
      <![CDATA[java.lang.AssertionError: expected [Park Street | My Profile] but found [Park Street | Dashboard]
at org.testng.Assert.fail(Assert.java:99)
at org.testng.Assert.failNotEquals(Assert.java:1037)
at org.testng.Assert.assertEqualsImpl(Assert.java:140)
at org.testng.Assert.assertEquals(Assert.java:122)
at org.testng.Assert.assertEquals(Assert.java:629)
at org.testng.Assert.assertEquals(Assert.java:639)
at steps.MyProfileSteps.myprofile_page_is_displayed(MyProfileSteps.java:48)
at ✽.Myprofile page is displayed(file:///home/growlt105/eclipse-workspace/NavigatorAutomation/src/test/resources/Featuresfile/MyProfile.feature:8)
]]>
    </failure>
  </testcase> <!-- runScenario -->
  <system-out/>
  <testcase classname="runner.RunCuke" name="runScenario" time="20.224"/>
  <system-out/>
  <testcase classname="runner.RunCuke" name="runScenario" time="16.840"/>
  <system-out/>
</testsuite> <!-- runner.RunCuke -->
